<?xml version="1.0" encoding="UTF-8"?>
<!-- Generated by org.testng.reporters.JUnitReportReporter -->
<testsuite hostname="AVI26" name="com.AP.qa.test.TC003_Reorder_Products_Checkout_3" tests="4" failures="0" timestamp="28 Apr 2020 15:29:33 GMT" time="59.285" errors="0">
  <testcase name="PaymentTest" time="12.021" classname="com.AP.qa.test.TC003_Reorder_Products_Checkout_3"/>
  <testcase name="ReorderTest" time="13.619" classname="com.AP.qa.test.TC003_Reorder_Products_Checkout_3"/>
  <testcase name="LogoutTest" time="3.914" classname="com.AP.qa.test.TC003_Reorder_Products_Checkout_3"/>
  <testcase name="LoginTest" time="29.731" classname="com.AP.qa.test.TC003_Reorder_Products_Checkout_3"/>
</testsuite> <!-- com.AP.qa.test.TC003_Reorder_Products_Checkout_3 -->
