<?xml version="1.0" encoding="UTF-8"?>
<!-- Generated by org.testng.reporters.JUnitReportReporter -->
<testsuite hostname="AVI26" name="com.AP.qa.test.TC005_Multiple_Products_WithoutLogin_Checkout" tests="2" failures="0" timestamp="8 Apr 2020 07:53:27 GMT" time="27.191" errors="0">
  <testcase name="BookingTest" time="9.282" classname="com.AP.qa.test.TC005_Multiple_Products_WithoutLogin_Checkout"/>
  <testcase name="PaymentTest" time="17.909" classname="com.AP.qa.test.TC005_Multiple_Products_WithoutLogin_Checkout"/>
</testsuite> <!-- com.AP.qa.test.TC005_Multiple_Products_WithoutLogin_Checkout -->
