<?xml version="1.0" encoding="UTF-8"?>
<!-- Generated by org.testng.reporters.JUnitReportReporter -->
<testsuite hostname="AVI26" name="com.AP.qa.test.TC004_Single_Products_WithoutLogin_Checkout" tests="2" failures="0" timestamp="7 Apr 2020 16:44:39 GMT" time="92.182" errors="0">
  <testcase name="PaymentTest" time="59.982" classname="com.AP.qa.test.TC004_Single_Products_WithoutLogin_Checkout"/>
  <testcase name="BookingTest" time="32.200" classname="com.AP.qa.test.TC004_Single_Products_WithoutLogin_Checkout"/>
</testsuite> <!-- com.AP.qa.test.TC004_Single_Products_WithoutLogin_Checkout -->
