<?xml version="1.0" encoding="UTF-8"?>
<!-- Generated by org.testng.reporters.JUnitReportReporter -->
<testsuite hostname="AVI26" name="com.AP.qa.test.TC002_Multiple_Products_Checkout" tests="4" failures="0" timestamp="15 Apr 2020 16:01:01 GMT" time="47.458" errors="0">
  <testcase name="MultiplePro" time="21.353" classname="com.AP.qa.test.TC002_Multiple_Products_Checkout"/>
  <testcase name="PaymentTest" time="11.477" classname="com.AP.qa.test.TC002_Multiple_Products_Checkout"/>
  <testcase name="LoginTest" time="10.545" classname="com.AP.qa.test.TC002_Multiple_Products_Checkout"/>
  <testcase name="LogoutTest" time="4.083" classname="com.AP.qa.test.TC002_Multiple_Products_Checkout"/>
</testsuite> <!-- com.AP.qa.test.TC002_Multiple_Products_Checkout -->
