<?xml version="1.0" encoding="UTF-8"?>
<!-- Generated by org.testng.reporters.JUnitReportReporter -->
<testsuite hostname="ideliver29" name="com.AP.qa.test.TC001_Single_Product_Checkout" tests="3" failures="0" timestamp="14 Apr 2020 13:11:44 GMT" time="30.239" errors="0">
  <testcase name="BookingTest" time="7.590" classname="com.AP.qa.test.TC001_Single_Product_Checkout"/>
  <testcase name="PaymentTest" time="11.675" classname="com.AP.qa.test.TC001_Single_Product_Checkout"/>
  <testcase name="LoginTest" time="10.974" classname="com.AP.qa.test.TC001_Single_Product_Checkout"/>
</testsuite> <!-- com.AP.qa.test.TC001_Single_Product_Checkout -->
