<?xml version="1.0" encoding="UTF-8"?>
<!-- Generated by org.testng.reporters.JUnitReportReporter -->
<testsuite hostname="AVI26" name="com.AP.qa.TEST1.Test1" tests="3" failures="0" timestamp="13 May 2020 14:13:46 GMT" time="35.130" errors="0">
  <testcase name="SelectProduct" time="11.080" classname="com.AP.qa.TEST1.Test1"/>
  <testcase name="Payment" time="18.670" classname="com.AP.qa.TEST1.Test1"/>
  <testcase name="LogoutTest" time="5.380" classname="com.AP.qa.TEST1.Test1"/>
</testsuite> <!-- com.AP.qa.TEST1.Test1 -->
