<?xml version="1.0" encoding="UTF-8"?>
<!-- Generated by org.testng.reporters.JUnitReportReporter -->
<testsuite hostname="ideliver29" name="com.AP.qa.test.TC001_Single_Product_Checkout" tests="3" failures="0" timestamp="1 Apr 2020 11:30:04 GMT" time="45.942" errors="0">
  <testcase name="BookingTest" time="7.834" classname="com.AP.qa.test.TC001_Single_Product_Checkout"/>
  <testcase name="PaymentTest" time="30.572" classname="com.AP.qa.test.TC001_Single_Product_Checkout"/>
  <testcase name="LoginTest" time="7.536" classname="com.AP.qa.test.TC001_Single_Product_Checkout"/>
</testsuite> <!-- com.AP.qa.test.TC001_Single_Product_Checkout -->
