<?xml version="1.0" encoding="UTF-8"?>
<!-- Generated by org.testng.reporters.JUnitReportReporter -->
<testsuite hostname="AVI26" name="com.AP.qa.test.TC001_Single_Product_Checkout1" tests="4" failures="0" timestamp="20 Apr 2020 09:55:57 GMT" time="36.969" errors="0">
  <testcase name="BookingTest" time="8.345" classname="com.AP.qa.test.TC001_Single_Product_Checkout1"/>
  <testcase name="PaymentTest" time="12.278" classname="com.AP.qa.test.TC001_Single_Product_Checkout1"/>
  <testcase name="LoginTest" time="12.701" classname="com.AP.qa.test.TC001_Single_Product_Checkout1"/>
  <testcase name="LogoutTest" time="3.645" classname="com.AP.qa.test.TC001_Single_Product_Checkout1"/>
</testsuite> <!-- com.AP.qa.test.TC001_Single_Product_Checkout1 -->
