<?xml version="1.0" encoding="UTF-8"?>
<!-- Generated by org.testng.reporters.JUnitReportReporter -->
<testsuite hostname="AVI26" name="com.AP.qa.test.TC003_Reorder_Products_Checkout" tests="4" failures="0" timestamp="15 Apr 2020 16:01:01 GMT" time="55.818" errors="0">
  <testcase name="ReorderTest" time="27.889" classname="com.AP.qa.test.TC003_Reorder_Products_Checkout"/>
  <testcase name="PaymentTest" time="13.910" classname="com.AP.qa.test.TC003_Reorder_Products_Checkout"/>
  <testcase name="LoginTest" time="9.936" classname="com.AP.qa.test.TC003_Reorder_Products_Checkout"/>
  <testcase name="LogoutTest" time="4.083" classname="com.AP.qa.test.TC003_Reorder_Products_Checkout"/>
</testsuite> <!-- com.AP.qa.test.TC003_Reorder_Products_Checkout -->
