<?xml version="1.0" encoding="UTF-8"?>
<!-- Generated by org.testng.reporters.JUnitReportReporter -->
<testsuite hostname="AVI26" name="com.AP.qa.test.TC002_Multiple_Products_Checkout_2" tests="4" failures="0" timestamp="28 Apr 2020 15:29:33 GMT" time="48.127" errors="0">
  <testcase name="LoginTest" time="19.270" classname="com.AP.qa.test.TC002_Multiple_Products_Checkout_2"/>
  <testcase name="PaymentTest" time="14.566" classname="com.AP.qa.test.TC002_Multiple_Products_Checkout_2"/>
  <testcase name="MultiplePro" time="8.757" classname="com.AP.qa.test.TC002_Multiple_Products_Checkout_2"/>
  <testcase name="LogoutTest" time="5.534" classname="com.AP.qa.test.TC002_Multiple_Products_Checkout_2"/>
</testsuite> <!-- com.AP.qa.test.TC002_Multiple_Products_Checkout_2 -->
