<?xml version="1.0" encoding="UTF-8"?>
<!-- Generated by org.testng.reporters.JUnitReportReporter -->
<testsuite hostname="AVI26" name="com.AP.qa.test.TC003_Reorder_Products_Checkout" tests="4" failures="0" timestamp="20 Apr 2020 17:45:37 GMT" time="59.190" errors="0">
  <testcase name="PaymentTest" time="16.615" classname="com.AP.qa.test.TC003_Reorder_Products_Checkout"/>
  <testcase name="LogoutTest" time="5.283" classname="com.AP.qa.test.TC003_Reorder_Products_Checkout"/>
  <testcase name="LoginTest" time="13.990" classname="com.AP.qa.test.TC003_Reorder_Products_Checkout"/>
  <testcase name="ReorderTest" time="23.302" classname="com.AP.qa.test.TC003_Reorder_Products_Checkout"/>
</testsuite> <!-- com.AP.qa.test.TC003_Reorder_Products_Checkout -->
