<?xml version="1.0" encoding="UTF-8"?>
<!-- Generated by org.testng.reporters.JUnitReportReporter -->
<testsuite hostname="AVI26" name="com.AP.qa.test.TC002_Multiple_Products_Checkout_2" tests="4" failures="0" timestamp="20 Apr 2020 09:55:57 GMT" time="37.830" errors="0">
  <testcase name="MultiplePro" time="8.428" classname="com.AP.qa.test.TC002_Multiple_Products_Checkout_2"/>
  <testcase name="PaymentTest" time="13.154" classname="com.AP.qa.test.TC002_Multiple_Products_Checkout_2"/>
  <testcase name="LoginTest" time="12.161" classname="com.AP.qa.test.TC002_Multiple_Products_Checkout_2"/>
  <testcase name="LogoutTest" time="4.087" classname="com.AP.qa.test.TC002_Multiple_Products_Checkout_2"/>
</testsuite> <!-- com.AP.qa.test.TC002_Multiple_Products_Checkout_2 -->
