<?xml version="1.0" encoding="UTF-8"?>
<!-- Generated by org.testng.reporters.JUnitReportReporter -->
<testsuite hostname="ideliver29" name="com.AP.qa.test.TC005_Multiple_Products_WithoutLogin_Checkout" tests="2" failures="0" timestamp="1 Apr 2020 12:14:22 GMT" time="23.527" errors="0">
  <testcase name="PaymentTest" time="16.386" classname="com.AP.qa.test.TC005_Multiple_Products_WithoutLogin_Checkout"/>
  <testcase name="BookingTest" time="7.141" classname="com.AP.qa.test.TC005_Multiple_Products_WithoutLogin_Checkout"/>
</testsuite> <!-- com.AP.qa.test.TC005_Multiple_Products_WithoutLogin_Checkout -->
