<?xml version="1.0" encoding="UTF-8"?>
<!-- Generated by org.testng.reporters.JUnitReportReporter -->
<testsuite hostname="AVI26" name="com.AP.qa.test.TC001_Single_Product_Checkout1" tests="4" failures="0" timestamp="5 May 2020 05:45:04 GMT" time="35.226" errors="0">
  <testcase name="LoginTest" time="10.112" classname="com.AP.qa.test.TC001_Single_Product_Checkout1"/>
  <testcase name="PaymentTest" time="13.289" classname="com.AP.qa.test.TC001_Single_Product_Checkout1"/>
  <testcase name="LogoutTest" time="3.644" classname="com.AP.qa.test.TC001_Single_Product_Checkout1"/>
  <testcase name="BookingTest" time="8.181" classname="com.AP.qa.test.TC001_Single_Product_Checkout1"/>
</testsuite> <!-- com.AP.qa.test.TC001_Single_Product_Checkout1 -->
