<?xml version="1.0" encoding="UTF-8"?>
<!-- Generated by org.testng.reporters.JUnitReportReporter -->
<testsuite hostname="AVI26" name="com.AP.qa.test.TC003_Reorder_Products_Checkout" tests="3" failures="0" timestamp="7 Apr 2020 11:52:17 GMT" time="112.008" errors="0">
  <testcase name="reorderTest" time="12.336" classname="com.AP.qa.test.TC003_Reorder_Products_Checkout"/>
  <testcase name="PaymentTest" time="68.278" classname="com.AP.qa.test.TC003_Reorder_Products_Checkout"/>
  <testcase name="LoginTest" time="31.394" classname="com.AP.qa.test.TC003_Reorder_Products_Checkout"/>
</testsuite> <!-- com.AP.qa.test.TC003_Reorder_Products_Checkout -->
