<?xml version="1.0" encoding="UTF-8"?>
<!-- Generated by org.testng.reporters.JUnitReportReporter -->
<testsuite hostname="AVI26" name="com.AP.qa.test.TC002_Multiple_Products_Checkout" tests="3" failures="0" timestamp="8 Apr 2020 07:53:27 GMT" time="25.794" errors="0">
  <testcase name="PaymentTest" time="10.627" classname="com.AP.qa.test.TC002_Multiple_Products_Checkout"/>
  <testcase name="MultiplePro" time="5.995" classname="com.AP.qa.test.TC002_Multiple_Products_Checkout"/>
  <testcase name="LoginTest" time="9.172" classname="com.AP.qa.test.TC002_Multiple_Products_Checkout"/>
</testsuite> <!-- com.AP.qa.test.TC002_Multiple_Products_Checkout -->
