<?xml version="1.0" encoding="UTF-8"?>
<!-- Generated by org.testng.reporters.JUnitReportReporter -->
<testsuite hostname="AVI26" name="com.AP.qa.test.TC001_Single_Product_Checkout" tests="4" failures="0" timestamp="20 Apr 2020 17:45:37 GMT" time="57.093" errors="0">
  <testcase name="LogoutTest" time="11.590" classname="com.AP.qa.test.TC001_Single_Product_Checkout"/>
  <testcase name="BookingTest" time="11.455" classname="com.AP.qa.test.TC001_Single_Product_Checkout"/>
  <testcase name="LoginTest" time="18.386" classname="com.AP.qa.test.TC001_Single_Product_Checkout"/>
  <testcase name="PaymentTest" time="15.662" classname="com.AP.qa.test.TC001_Single_Product_Checkout"/>
</testsuite> <!-- com.AP.qa.test.TC001_Single_Product_Checkout -->
