<?xml version="1.0" encoding="UTF-8"?>
<!-- Generated by org.testng.reporters.JUnitReportReporter -->
<testsuite hostname="AVI26" name="com.AP.qa.test.TC002_Multiple_Products_Checkout" tests="4" failures="0" timestamp="20 Apr 2020 17:45:37 GMT" time="41.093" errors="0">
  <testcase name="LogoutTest" time="5.498" classname="com.AP.qa.test.TC002_Multiple_Products_Checkout"/>
  <testcase name="MultiplePro" time="9.587" classname="com.AP.qa.test.TC002_Multiple_Products_Checkout"/>
  <testcase name="LoginTest" time="12.854" classname="com.AP.qa.test.TC002_Multiple_Products_Checkout"/>
  <testcase name="PaymentTest" time="13.154" classname="com.AP.qa.test.TC002_Multiple_Products_Checkout"/>
</testsuite> <!-- com.AP.qa.test.TC002_Multiple_Products_Checkout -->
