<?xml version="1.0" encoding="UTF-8"?>
<!-- Generated by org.testng.reporters.JUnitReportReporter -->
<testsuite hostname="AVI26" name="com.AP.qa.test.TC001_Single_Product_Checkout" tests="4" failures="0" timestamp="15 Apr 2020 16:01:01 GMT" time="50.200" errors="0">
  <testcase name="BookingTest" time="19.162" classname="com.AP.qa.test.TC001_Single_Product_Checkout"/>
  <testcase name="LoginTest" time="12.774" classname="com.AP.qa.test.TC001_Single_Product_Checkout"/>
  <testcase name="PaymentTest" time="13.539" classname="com.AP.qa.test.TC001_Single_Product_Checkout"/>
  <testcase name="LogoutTest" time="4.725" classname="com.AP.qa.test.TC001_Single_Product_Checkout"/>
</testsuite> <!-- com.AP.qa.test.TC001_Single_Product_Checkout -->
