<?xml version="1.0" encoding="UTF-8"?>
<!-- Generated by org.testng.reporters.JUnitReportReporter -->
<testsuite hostname="ideliver29" name="com.AP.qa.test.APTest" tests="3" failures="0" timestamp="4 Mar 2020 11:54:59 GMT" time="31.541" errors="0">
  <testcase name="BookingTest" time="9.633" classname="com.AP.qa.test.APTest"/>
  <testcase name="PaymentTest" time="11.711" classname="com.AP.qa.test.APTest"/>
  <testcase name="LoginTest" time="10.197" classname="com.AP.qa.test.APTest"/>
</testsuite> <!-- com.AP.qa.test.APTest -->
