<?xml version="1.0" encoding="UTF-8"?>
<!-- Generated by org.testng.reporters.JUnitReportReporter -->
<testsuite hostname="ideliver29" name="com.AP.qa.test.TC004_Single_Products_WithoutLogin_Checkout" tests="2" failures="0" timestamp="31 Mar 2020 10:48:15 GMT" time="22.066" errors="0">
  <testcase name="BookingTest" time="7.396" classname="com.AP.qa.test.TC004_Single_Products_WithoutLogin_Checkout"/>
  <testcase name="PaymentTest" time="14.670" classname="com.AP.qa.test.TC004_Single_Products_WithoutLogin_Checkout"/>
</testsuite> <!-- com.AP.qa.test.TC004_Single_Products_WithoutLogin_Checkout -->
