<?xml version="1.0" encoding="UTF-8"?>
<!-- Generated by org.testng.reporters.JUnitReportReporter -->
<testsuite hostname="ideliver29" name="com.AP.qa.test.TC002_Multiple_Products_Checkout" tests="3" failures="0" timestamp="14 Apr 2020 13:11:44 GMT" time="26.961" errors="0">
  <testcase name="MultiplePro" time="7.815" classname="com.AP.qa.test.TC002_Multiple_Products_Checkout"/>
  <testcase name="LoginTest" time="7.871" classname="com.AP.qa.test.TC002_Multiple_Products_Checkout"/>
  <testcase name="PaymentTest" time="11.275" classname="com.AP.qa.test.TC002_Multiple_Products_Checkout"/>
</testsuite> <!-- com.AP.qa.test.TC002_Multiple_Products_Checkout -->
