<?xml version="1.0" encoding="UTF-8"?>
<!-- Generated by org.testng.reporters.JUnitReportReporter -->
<testsuite hostname="AVI26" name="com.AP.qa.test.TC005_Multiple_Products_WithoutLogin_Checkout" tests="3" failures="0" timestamp="15 Apr 2020 16:01:01 GMT" time="44.691" errors="0">
  <testcase name="LogoutTest" time="4.640" classname="com.AP.qa.test.TC005_Multiple_Products_WithoutLogin_Checkout"/>
  <testcase name="PaymentTest" time="20.680" classname="com.AP.qa.test.TC005_Multiple_Products_WithoutLogin_Checkout"/>
  <testcase name="BookingTest" time="19.371" classname="com.AP.qa.test.TC005_Multiple_Products_WithoutLogin_Checkout"/>
</testsuite> <!-- com.AP.qa.test.TC005_Multiple_Products_WithoutLogin_Checkout -->
