<?xml version="1.0" encoding="UTF-8"?>
<!-- Generated by org.testng.reporters.JUnitReportReporter -->
<testsuite hostname="ideliver29" name="com.AP.qa.TEST1.TEST2" tests="3" failures="0" timestamp="20 May 2020 13:50:25 GMT" time="37.425" errors="0">
  <testcase name="Login_And_Payment_Test" time="21.812" classname="com.AP.qa.TEST1.TEST2"/>
  <testcase name="Product_Selection_Test" time="10.566" classname="com.AP.qa.TEST1.TEST2"/>
  <testcase name="Logout_Test" time="5.047" classname="com.AP.qa.TEST1.TEST2"/>
</testsuite> <!-- com.AP.qa.TEST1.TEST2 -->
