<?xml version="1.0" encoding="UTF-8"?>
<!-- Generated by org.testng.reporters.JUnitReportReporter -->
<testsuite hostname="AVI26" name="com.AP.qa.test.TC004_Single_Products_WithoutLogin_Checkout" tests="2" failures="0" timestamp="8 Apr 2020 07:53:27 GMT" time="28.800" errors="0">
  <testcase name="PaymentTest" time="21.798" classname="com.AP.qa.test.TC004_Single_Products_WithoutLogin_Checkout"/>
  <testcase name="BookingTest" time="7.002" classname="com.AP.qa.test.TC004_Single_Products_WithoutLogin_Checkout"/>
</testsuite> <!-- com.AP.qa.test.TC004_Single_Products_WithoutLogin_Checkout -->
