<?xml version="1.0" encoding="UTF-8"?>
<!-- Generated by org.testng.reporters.JUnitReportReporter -->
<testsuite hostname="AVI26" name="com.AP.qa.test.TC004_Single_Products_WithoutLogin_Checkout_4" tests="3" failures="0" timestamp="20 Apr 2020 09:55:57 GMT" time="33.146" errors="0">
  <testcase name="PaymentTest" time="17.624" classname="com.AP.qa.test.TC004_Single_Products_WithoutLogin_Checkout_4"/>
  <testcase name="LogoutTest" time="5.299" classname="com.AP.qa.test.TC004_Single_Products_WithoutLogin_Checkout_4"/>
  <testcase name="BookingTest" time="10.223" classname="com.AP.qa.test.TC004_Single_Products_WithoutLogin_Checkout_4"/>
</testsuite> <!-- com.AP.qa.test.TC004_Single_Products_WithoutLogin_Checkout_4 -->
