<?xml version="1.0" encoding="UTF-8"?>
<!-- Generated by org.testng.reporters.JUnitReportReporter -->
<testsuite hostname="ideliver29" name="com.AP.qa.test.TC004_Single_Products_WithoutLogin_Checkout" tests="2" failures="0" timestamp="14 Apr 2020 13:11:44 GMT" time="23.688" errors="0">
  <testcase name="BookingTest" time="7.253" classname="com.AP.qa.test.TC004_Single_Products_WithoutLogin_Checkout"/>
  <testcase name="PaymentTest" time="16.435" classname="com.AP.qa.test.TC004_Single_Products_WithoutLogin_Checkout"/>
</testsuite> <!-- com.AP.qa.test.TC004_Single_Products_WithoutLogin_Checkout -->
