<?xml version="1.0" encoding="UTF-8"?>
<!-- Generated by org.testng.reporters.JUnitReportReporter -->
<testsuite hostname="AVI26" name="com.AP.qa.test.TC001_Single_Product_Checkout1" tests="4" failures="0" timestamp="28 Apr 2020 15:29:33 GMT" time="50.282" errors="0">
  <testcase name="LoginTest" time="21.792" classname="com.AP.qa.test.TC001_Single_Product_Checkout1"/>
  <testcase name="BookingTest" time="8.950" classname="com.AP.qa.test.TC001_Single_Product_Checkout1"/>
  <testcase name="PaymentTest" time="13.786" classname="com.AP.qa.test.TC001_Single_Product_Checkout1"/>
  <testcase name="LogoutTest" time="5.754" classname="com.AP.qa.test.TC001_Single_Product_Checkout1"/>
</testsuite> <!-- com.AP.qa.test.TC001_Single_Product_Checkout1 -->
