<?xml version="1.0" encoding="UTF-8"?>
<!-- Generated by org.testng.reporters.JUnitReportReporter -->
<testsuite hostname="AVI26" name="com.AP.qa.test.TC004_Single_Products_WithoutLogin_Checkout" tests="3" failures="0" timestamp="15 Apr 2020 16:01:01 GMT" time="51.753" errors="0">
  <testcase name="BookingTest" time="18.238" classname="com.AP.qa.test.TC004_Single_Products_WithoutLogin_Checkout"/>
  <testcase name="PaymentTest" time="28.467" classname="com.AP.qa.test.TC004_Single_Products_WithoutLogin_Checkout"/>
  <testcase name="LogoutTest" time="5.048" classname="com.AP.qa.test.TC004_Single_Products_WithoutLogin_Checkout"/>
</testsuite> <!-- com.AP.qa.test.TC004_Single_Products_WithoutLogin_Checkout -->
