<?xml version="1.0" encoding="UTF-8"?>
<!-- Generated by org.testng.reporters.JUnitReportReporter -->
<testsuite hostname="AVI26" name="com.AP.qa.test.TC004_Single_Products_WithoutLogin_Checkout_4" tests="3" failures="0" timestamp="1 May 2020 09:41:19 GMT" time="35.705" errors="0">
  <testcase name="BookingTest" time="8.808" classname="com.AP.qa.test.TC004_Single_Products_WithoutLogin_Checkout_4"/>
  <testcase name="PaymentTest" time="19.792" classname="com.AP.qa.test.TC004_Single_Products_WithoutLogin_Checkout_4"/>
  <testcase name="LogoutTest" time="7.105" classname="com.AP.qa.test.TC004_Single_Products_WithoutLogin_Checkout_4"/>
</testsuite> <!-- com.AP.qa.test.TC004_Single_Products_WithoutLogin_Checkout_4 -->
