<?xml version="1.0" encoding="UTF-8"?>
<!-- Generated by org.testng.reporters.JUnitReportReporter -->
<testsuite hostname="AVI26" name="com.AP.qa.test.TC004_Single_Products_WithoutLogin_Checkout" tests="3" failures="0" timestamp="20 Apr 2020 17:45:37 GMT" time="34.783" errors="0">
  <testcase name="BookingTest" time="9.096" classname="com.AP.qa.test.TC004_Single_Products_WithoutLogin_Checkout"/>
  <testcase name="PaymentTest" time="19.328" classname="com.AP.qa.test.TC004_Single_Products_WithoutLogin_Checkout"/>
  <testcase name="LogoutTest" time="6.359" classname="com.AP.qa.test.TC004_Single_Products_WithoutLogin_Checkout"/>
</testsuite> <!-- com.AP.qa.test.TC004_Single_Products_WithoutLogin_Checkout -->
