<?xml version="1.0" encoding="UTF-8"?>
<!-- Generated by org.testng.reporters.JUnitReportReporter -->
<testsuite hostname="AVI26" name="com.AP.qa.test.TC003_Reorder_Products_Checkout_3" tests="4" failures="0" timestamp="1 May 2020 09:41:19 GMT" time="34.733" errors="0">
  <testcase name="ReorderTest" time="13.718" classname="com.AP.qa.test.TC003_Reorder_Products_Checkout_3"/>
  <testcase name="PaymentTest" time="10.938" classname="com.AP.qa.test.TC003_Reorder_Products_Checkout_3"/>
  <testcase name="LogoutTest" time="3.616" classname="com.AP.qa.test.TC003_Reorder_Products_Checkout_3"/>
  <testcase name="LoginTest" time="6.461" classname="com.AP.qa.test.TC003_Reorder_Products_Checkout_3"/>
</testsuite> <!-- com.AP.qa.test.TC003_Reorder_Products_Checkout_3 -->
