<?xml version="1.0" encoding="UTF-8"?>
<!-- Generated by org.testng.reporters.JUnitReportReporter -->
<testsuite hostname="AVI26" name="com.AP.qa.test.TC002_Multiple_Products_Checkout" tests="3" failures="0" timestamp="7 Apr 2020 16:44:38 GMT" time="44.878" errors="0">
  <testcase name="PaymentTest" time="18.612" classname="com.AP.qa.test.TC002_Multiple_Products_Checkout"/>
  <testcase name="MultiplePro" time="13.039" classname="com.AP.qa.test.TC002_Multiple_Products_Checkout"/>
  <testcase name="LoginTest" time="13.227" classname="com.AP.qa.test.TC002_Multiple_Products_Checkout"/>
</testsuite> <!-- com.AP.qa.test.TC002_Multiple_Products_Checkout -->
