<?xml version="1.0" encoding="UTF-8"?>
<!-- Generated by org.testng.reporters.JUnitReportReporter -->
<testsuite hostname="AVI26" name="com.AP.qa.test.TC003_Reorder_Products_Checkout_3" tests="4" failures="0" timestamp="20 Apr 2020 09:55:57 GMT" time="62.975" errors="0">
  <testcase name="ReorderTest" time="20.140" classname="com.AP.qa.test.TC003_Reorder_Products_Checkout_3"/>
  <testcase name="LoginTest" time="15.655" classname="com.AP.qa.test.TC003_Reorder_Products_Checkout_3"/>
  <testcase name="LogoutTest" time="4.748" classname="com.AP.qa.test.TC003_Reorder_Products_Checkout_3"/>
  <testcase name="PaymentTest" time="22.432" classname="com.AP.qa.test.TC003_Reorder_Products_Checkout_3"/>
</testsuite> <!-- com.AP.qa.test.TC003_Reorder_Products_Checkout_3 -->
