<?xml version="1.0" encoding="UTF-8"?>
<!-- Generated by org.testng.reporters.JUnitReportReporter -->
<testsuite hostname="iDeliver20-PC" name="com.AP.qa.test.APTest" tests="3" failures="0" timestamp="27 Mar 2020 10:56:09 GMT" time="45.025" errors="0">
  <testcase name="PaymentTest" time="28.910" classname="com.AP.qa.test.APTest"/>
  <testcase name="BookingTest" time="8.418" classname="com.AP.qa.test.APTest"/>
  <testcase name="LoginTest" time="7.697" classname="com.AP.qa.test.APTest"/>
</testsuite> <!-- com.AP.qa.test.APTest -->
