<?xml version="1.0" encoding="UTF-8"?>
<!-- Generated by org.testng.reporters.JUnitReportReporter -->
<testsuite hostname="ideliver29" name="com.AP.qa.test.TC003_Reorder_Products_Checkout" tests="3" failures="0" timestamp="14 Apr 2020 13:11:44 GMT" time="28.999" errors="0">
  <testcase name="LoginTest" time="8.253" classname="com.AP.qa.test.TC003_Reorder_Products_Checkout"/>
  <testcase name="ReorderTest" time="9.190" classname="com.AP.qa.test.TC003_Reorder_Products_Checkout"/>
  <testcase name="PaymentTest" time="11.556" classname="com.AP.qa.test.TC003_Reorder_Products_Checkout"/>
</testsuite> <!-- com.AP.qa.test.TC003_Reorder_Products_Checkout -->
